[debug] [2020-05-19T11:24:24.145Z] ----------------------------------------------------------------------
[debug] [2020-05-19T11:24:24.147Z] Command:       C:\Program Files\nodejs\node.exe C:\Users\girty\AppData\Roaming\npm\node_modules\firebase-tools\lib\bin\firebase.js deploy --only functions
[debug] [2020-05-19T11:24:24.148Z] CLI Version:   8.3.0
[debug] [2020-05-19T11:24:24.148Z] Platform:      win32
[debug] [2020-05-19T11:24:24.148Z] Node Version:  v12.16.3
[debug] [2020-05-19T11:24:24.148Z] Time:          Tue May 19 2020 13:24:24 GMT+0200 (Central European Summer Time)
[debug] [2020-05-19T11:24:24.148Z] ----------------------------------------------------------------------
[debug] [2020-05-19T11:24:24.149Z] 
[debug] [2020-05-19T11:24:24.154Z] > command requires scopes: ["email","openid","https://www.googleapis.com/auth/cloudplatformprojects.readonly","https://www.googleapis.com/auth/firebase","https://www.googleapis.com/auth/cloud-platform"]
[debug] [2020-05-19T11:24:24.154Z] > authorizing via signed-in user
[debug] [2020-05-19T11:24:24.155Z] [iam] checking project ontime-df086 for permissions ["cloudfunctions.functions.create","cloudfunctions.functions.delete","cloudfunctions.functions.get","cloudfunctions.functions.list","cloudfunctions.functions.update","cloudfunctions.operations.get","firebase.projects.get"]
[debug] [2020-05-19T11:24:24.157Z] >>> HTTP REQUEST POST https://cloudresourcemanager.googleapis.com/v1/projects/ontime-df086:testIamPermissions  
 {"permissions":["cloudfunctions.functions.create","cloudfunctions.functions.delete","cloudfunctions.functions.get","cloudfunctions.functions.list","cloudfunctions.functions.update","cloudfunctions.operations.get","firebase.projects.get"]}
[debug] [2020-05-19T11:24:24.898Z] <<< HTTP RESPONSE 200 {"content-type":"application/json; charset=UTF-8","vary":"X-Origin, Referer, Origin,Accept-Encoding","date":"Tue, 19 May 2020 11:24:25 GMT","server":"ESF","cache-control":"private","x-xss-protection":"0","x-frame-options":"SAMEORIGIN","x-content-type-options":"nosniff","server-timing":"gfet4t7; dur=678","alt-svc":"h3-27=\":443\"; ma=2592000,h3-25=\":443\"; ma=2592000,h3-Q050=\":443\"; ma=2592000,h3-Q049=\":443\"; ma=2592000,h3-Q048=\":443\"; ma=2592000,h3-Q046=\":443\"; ma=2592000,h3-Q043=\":443\"; ma=2592000,quic=\":443\"; ma=2592000; v=\"46,43\"","accept-ranges":"none","transfer-encoding":"chunked"}
[debug] [2020-05-19T11:24:24.900Z] >>> HTTP REQUEST POST https://iam.googleapis.com/v1/projects/ontime-df086/serviceAccounts/ontime-df086@appspot.gserviceaccount.com:testIamPermissions  
 {"permissions":["iam.serviceAccounts.actAs"]}
[debug] [2020-05-19T11:24:25.089Z] <<< HTTP RESPONSE 200 {"content-type":"application/json; charset=UTF-8","vary":"X-Origin, Referer, Origin,Accept-Encoding","date":"Tue, 19 May 2020 11:24:25 GMT","server":"ESF","cache-control":"private","x-xss-protection":"0","x-frame-options":"SAMEORIGIN","x-content-type-options":"nosniff","alt-svc":"h3-27=\":443\"; ma=2592000,h3-25=\":443\"; ma=2592000,h3-T050=\":443\"; ma=2592000,h3-Q050=\":443\"; ma=2592000,h3-Q049=\":443\"; ma=2592000,h3-Q048=\":443\"; ma=2592000,h3-Q046=\":443\"; ma=2592000,h3-Q043=\":443\"; ma=2592000,quic=\":443\"; ma=2592000; v=\"46,43\"","accept-ranges":"none","transfer-encoding":"chunked"}
[info] 
[info] === Deploying to 'ontime-df086'...
[info] 
[info] i  deploying functions 
[info] Running command: npm --prefix "$RESOURCE_DIR" run lint
[info] +  functions: Finished running predeploy script. 
[debug] [2020-05-19T11:24:28.044Z] > [functions] package.json contents: {
  "name": "functions",
  "description": "Cloud Functions for Firebase",
  "scripts": {
    "lint": "eslint .",
    "serve": "firebase emulators:start --only functions",
    "shell": "firebase functions:shell",
    "start": "npm run shell",
    "deploy": "firebase deploy --only functions",
    "logs": "firebase functions:log"
  },
  "engines": {
    "node": "8"
  },
  "dependencies": {
    "firebase-admin": "^8.10.0",
    "firebase-functions": "^3.6.1"
  },
  "devDependencies": {
    "eslint": "^5.12.0",
    "eslint-plugin-promise": "^4.0.1",
    "firebase-functions-test": "^0.2.0"
  },
  "private": true
}
[info] i  functions: ensuring required API cloudfunctions.googleapis.com is enabled... 
[debug] [2020-05-19T11:24:29.136Z] [functions] runtime dependency check dates: warning: 2020-05-21T00:00:00.000Z error: 2020-06-23T00:00:00.000Z
[debug] [2020-05-19T11:24:29.136Z] >>> HTTP REQUEST GET https://serviceusage.googleapis.com/v1/projects/ontime-df086/services/cloudfunctions.googleapis.com  
 
[debug] [2020-05-19T11:24:29.136Z] >>> HTTP REQUEST GET https://serviceusage.googleapis.com/v1/projects/ontime-df086/services/runtimeconfig.googleapis.com  
 
[debug] [2020-05-19T11:24:29.867Z] <<< HTTP RESPONSE 200 {"content-type":"application/json; charset=UTF-8","vary":"X-Origin, Referer, Origin,Accept-Encoding","date":"Tue, 19 May 2020 11:24:30 GMT","server":"ESF","cache-control":"private","x-xss-protection":"0","x-frame-options":"SAMEORIGIN","x-content-type-options":"nosniff","alt-svc":"h3-27=\":443\"; ma=2592000,h3-25=\":443\"; ma=2592000,h3-T050=\":443\"; ma=2592000,h3-Q050=\":443\"; ma=2592000,h3-Q049=\":443\"; ma=2592000,h3-Q048=\":443\"; ma=2592000,h3-Q046=\":443\"; ma=2592000,h3-Q043=\":443\"; ma=2592000,quic=\":443\"; ma=2592000; v=\"46,43\"","accept-ranges":"none","transfer-encoding":"chunked"}
[debug] [2020-05-19T11:24:29.886Z] <<< HTTP RESPONSE 200 {"content-type":"application/json; charset=UTF-8","vary":"X-Origin, Referer, Origin,Accept-Encoding","date":"Tue, 19 May 2020 11:24:30 GMT","server":"ESF","cache-control":"private","x-xss-protection":"0","x-frame-options":"SAMEORIGIN","x-content-type-options":"nosniff","alt-svc":"h3-27=\":443\"; ma=2592000,h3-25=\":443\"; ma=2592000,h3-T050=\":443\"; ma=2592000,h3-Q050=\":443\"; ma=2592000,h3-Q049=\":443\"; ma=2592000,h3-Q048=\":443\"; ma=2592000,h3-Q046=\":443\"; ma=2592000,h3-Q043=\":443\"; ma=2592000,quic=\":443\"; ma=2592000; v=\"46,43\"","accept-ranges":"none","transfer-encoding":"chunked"}
[info] +  functions: required API cloudfunctions.googleapis.com is enabled 
[debug] [2020-05-19T11:24:29.888Z] >>> HTTP REQUEST GET https://firebase.googleapis.com/v1beta1/projects/ontime-df086/adminSdkConfig  
 
[debug] [2020-05-19T11:24:30.117Z] <<< HTTP RESPONSE 200 {"content-type":"application/json; charset=UTF-8","vary":"X-Origin, Referer, Origin,Accept-Encoding","date":"Tue, 19 May 2020 11:24:30 GMT","server":"ESF","cache-control":"private","x-xss-protection":"0","x-frame-options":"SAMEORIGIN","x-content-type-options":"nosniff","alt-svc":"h3-27=\":443\"; ma=2592000,h3-25=\":443\"; ma=2592000,h3-T050=\":443\"; ma=2592000,h3-Q050=\":443\"; ma=2592000,h3-Q049=\":443\"; ma=2592000,h3-Q048=\":443\"; ma=2592000,h3-Q046=\":443\"; ma=2592000,h3-Q043=\":443\"; ma=2592000,quic=\":443\"; ma=2592000; v=\"46,43\"","accept-ranges":"none","transfer-encoding":"chunked"}
[info] i  functions: preparing functions directory for uploading... 
[debug] [2020-05-19T11:24:30.119Z] >>> HTTP REQUEST GET https://runtimeconfig.googleapis.com/v1beta1/projects/ontime-df086/configs  
 
[debug] [2020-05-19T11:24:31.076Z] <<< HTTP RESPONSE 200 {"content-type":"application/json; charset=UTF-8","vary":"X-Origin, Referer, Origin,Accept-Encoding","date":"Tue, 19 May 2020 11:24:31 GMT","server":"ESF","cache-control":"private","x-xss-protection":"0","x-frame-options":"SAMEORIGIN","x-content-type-options":"nosniff","alt-svc":"h3-27=\":443\"; ma=2592000,h3-25=\":443\"; ma=2592000,h3-T050=\":443\"; ma=2592000,h3-Q050=\":443\"; ma=2592000,h3-Q049=\":443\"; ma=2592000,h3-Q048=\":443\"; ma=2592000,h3-Q046=\":443\"; ma=2592000,h3-Q043=\":443\"; ma=2592000,quic=\":443\"; ma=2592000; v=\"46,43\"","accept-ranges":"none","transfer-encoding":"chunked"}
[info] i  functions: packaged functions (41.49 KB) for uploading 
[debug] [2020-05-19T11:24:31.182Z] >>> HTTP REQUEST GET https://cloudfunctions.googleapis.com/v1/projects/ontime-df086/locations/-/functions  
 
[debug] [2020-05-19T11:24:31.609Z] <<< HTTP RESPONSE 200 {"content-type":"application/json; charset=UTF-8","vary":"X-Origin, Referer, Origin,Accept-Encoding","date":"Tue, 19 May 2020 11:24:32 GMT","server":"ESF","cache-control":"private","x-xss-protection":"0","x-frame-options":"SAMEORIGIN","x-content-type-options":"nosniff","alt-svc":"h3-27=\":443\"; ma=2592000,h3-25=\":443\"; ma=2592000,h3-T050=\":443\"; ma=2592000,h3-Q050=\":443\"; ma=2592000,h3-Q049=\":443\"; ma=2592000,h3-Q048=\":443\"; ma=2592000,h3-Q046=\":443\"; ma=2592000,h3-Q043=\":443\"; ma=2592000,quic=\":443\"; ma=2592000; v=\"46,43\"","accept-ranges":"none","transfer-encoding":"chunked"}
[debug] [2020-05-19T11:24:31.611Z] >>> HTTP REQUEST POST https://cloudfunctions.googleapis.com/v1/projects/ontime-df086/locations/us-central1/functions:generateUploadUrl  
 
[debug] [2020-05-19T11:24:32.492Z] <<< HTTP RESPONSE 200 {"content-type":"application/json; charset=UTF-8","vary":"X-Origin, Referer, Origin,Accept-Encoding","date":"Tue, 19 May 2020 11:24:33 GMT","server":"ESF","cache-control":"private","x-xss-protection":"0","x-frame-options":"SAMEORIGIN","x-content-type-options":"nosniff","alt-svc":"h3-27=\":443\"; ma=2592000,h3-25=\":443\"; ma=2592000,h3-T050=\":443\"; ma=2592000,h3-Q050=\":443\"; ma=2592000,h3-Q049=\":443\"; ma=2592000,h3-Q048=\":443\"; ma=2592000,h3-Q046=\":443\"; ma=2592000,h3-Q043=\":443\"; ma=2592000,quic=\":443\"; ma=2592000; v=\"46,43\"","accept-ranges":"none","transfer-encoding":"chunked"}
[debug] [2020-05-19T11:24:32.493Z] >>> HTTP REQUEST PUT https://storage.googleapis.com/gcf-upload-us-central1-01ff782f-0318-414a-b191-b7e1473c5992/ac9084fe-ba32-4b35-ac5c-7248dd9fa644.zip?GoogleAccessId=service-1046590076902@gcf-admin-robot.iam.gserviceaccount.com&Expires=1589889273&Signature=cApvN9quDMBonHk0bzdb5uzl7p%2BPnzqar8sSPnankvtGTxR%2BQ1m6rZFhNfw2i1i%2FFdHhULs61lM3m8cl00VKNTlv5TKd7sYL%2FtvSsqrhOETI4YzupzWYzl91Ma9tD%2Fz5WlPHKrDZtW0OA3Cfgw8OR3HokUHb04TDDRDBdIBMG3ckY%2FTmAPBCrNeeWUdFeoruZWqe2VN4KLmmvoAOsyoE40ZBDgBUdBo2WwRfnXUdWABht7Jtmmc8somKsnfj9tK4RYb76i5i3Os0ldthb2TwGoHv8qv%2BUTW7N93nGfp8SMOt7svg53rf6Xo421aMMRYcLIg09BVQJNi5oTP5OTPaHA%3D%3D  
 <request body omitted>
[debug] [2020-05-19T11:24:32.861Z] <<< HTTP RESPONSE 200 {"x-guploader-uploadid":"AAANsUk2vSLp1bRxcfb9jESw0H9SET_J2CV3nVzo-25hjJY91I9VAIsEIuurMIKsP-eKANKLt7hpBcw4Nsk0Va4x4gE","etag":"\"cb6451e90f7bac27bc2822ea96b3d75a\"","x-goog-generation":"1589887473575761","x-goog-metageneration":"1","x-goog-hash":"crc32c=GINFZg==, md5=y2RR6Q97rCe8KCLqlrPXWg==","x-goog-stored-content-length":"42482","x-goog-stored-content-encoding":"identity","vary":"Origin","content-length":"0","date":"Tue, 19 May 2020 11:24:33 GMT","server":"UploadServer","content-type":"text/html; charset=UTF-8","alt-svc":"h3-27=\":443\"; ma=2592000,h3-25=\":443\"; ma=2592000,h3-T050=\":443\"; ma=2592000,h3-Q050=\":443\"; ma=2592000,h3-Q049=\":443\"; ma=2592000,h3-Q048=\":443\"; ma=2592000,h3-Q046=\":443\"; ma=2592000,h3-Q043=\":443\"; ma=2592000,quic=\":443\"; ma=2592000; v=\"46,43\""}
[info] +  functions: functions folder uploaded successfully 
[info] i  functions: updating Node.js 8 function addMessage(us-central1)... 
[debug] [2020-05-19T11:24:32.865Z] Trigger is:  {"httpsTrigger":{}}
[info] i  functions: updating Node.js 8 function makeUppercase(us-central1)... 
[debug] [2020-05-19T11:24:32.866Z] Trigger is:  {"eventTrigger":{"resource":"projects/_/instances/ontime-df086/refs/messages/{pushId}/original","eventType":"providers/google.firebase.database/eventTypes/ref.create","service":"firebaseio.com"}}
[info] i  functions: updating Node.js 8 function sendDeviceToken(us-central1)... 
[debug] [2020-05-19T11:24:32.866Z] Trigger is:  {"httpsTrigger":{}}
[info] i  functions: updating Node.js 8 function sendNotification(us-central1)... 
[debug] [2020-05-19T11:24:32.867Z] Trigger is:  {"eventTrigger":{"resource":"projects/_/instances/ontime-df086/refs/devicetokens/{pushId}/token","eventType":"providers/google.firebase.database/eventTypes/ref.write","service":"firebaseio.com"}}
[debug] [2020-05-19T11:24:32.868Z] >>> HTTP REQUEST GET https://serviceusage.googleapis.com/v1/projects/ontime-df086/services/cloudscheduler.googleapis.com  
 
[debug] [2020-05-19T11:24:33.583Z] <<< HTTP RESPONSE 200 {"content-type":"application/json; charset=UTF-8","vary":"X-Origin, Referer, Origin,Accept-Encoding","date":"Tue, 19 May 2020 11:24:34 GMT","server":"ESF","cache-control":"private","x-xss-protection":"0","x-frame-options":"SAMEORIGIN","x-content-type-options":"nosniff","alt-svc":"h3-27=\":443\"; ma=2592000,h3-25=\":443\"; ma=2592000,h3-T050=\":443\"; ma=2592000,h3-Q050=\":443\"; ma=2592000,h3-Q049=\":443\"; ma=2592000,h3-Q048=\":443\"; ma=2592000,h3-Q046=\":443\"; ma=2592000,h3-Q043=\":443\"; ma=2592000,quic=\":443\"; ma=2592000; v=\"46,43\"","accept-ranges":"none","transfer-encoding":"chunked"}
[debug] [2020-05-19T11:24:33.585Z] >>> HTTP REQUEST PATCH https://cloudfunctions.googleapis.com/v1/projects/ontime-df086/locations/us-central1/functions/addMessage {"updateMask":"sourceUploadUrl,name,labels,runtime,environmentVariables,httpsTrigger"} 
 {"sourceUploadUrl":"https://storage.googleapis.com/gcf-upload-us-central1-01ff782f-0318-414a-b191-b7e1473c5992/ac9084fe-ba32-4b35-ac5c-7248dd9fa644.zip?GoogleAccessId=service-1046590076902@gcf-admin-robot.iam.gserviceaccount.com&Expires=1589889273&Signature=cApvN9quDMBonHk0bzdb5uzl7p%2BPnzqar8sSPnankvtGTxR%2BQ1m6rZFhNfw2i1i%2FFdHhULs61lM3m8cl00VKNTlv5TKd7sYL%2FtvSsqrhOETI4YzupzWYzl91Ma9tD%2Fz5WlPHKrDZtW0OA3Cfgw8OR3HokUHb04TDDRDBdIBMG3ckY%2FTmAPBCrNeeWUdFeoruZWqe2VN4KLmmvoAOsyoE40ZBDgBUdBo2WwRfnXUdWABht7Jtmmc8somKsnfj9tK4RYb76i5i3Os0ldthb2TwGoHv8qv%2BUTW7N93nGfp8SMOt7svg53rf6Xo421aMMRYcLIg09BVQJNi5oTP5OTPaHA%3D%3D","name":"projects/ontime-df086/locations/us-central1/functions/addMessage","labels":{"deployment-tool":"cli-firebase"},"httpsTrigger":{},"runtime":"nodejs8","environmentVariables":{"FIREBASE_CONFIG":"{\"projectId\":\"ontime-df086\",\"databaseURL\":\"https://ontime-df086.firebaseio.com\",\"storageBucket\":\"ontime-df086.appspot.com\"}"}}
[debug] [2020-05-19T11:24:33.587Z] >>> HTTP REQUEST PATCH https://cloudfunctions.googleapis.com/v1/projects/ontime-df086/locations/us-central1/functions/makeUppercase {"updateMask":"sourceUploadUrl,name,labels,runtime,environmentVariables,eventTrigger.resource,eventTrigger.eventType,eventTrigger.service"} 
 {"sourceUploadUrl":"https://storage.googleapis.com/gcf-upload-us-central1-01ff782f-0318-414a-b191-b7e1473c5992/ac9084fe-ba32-4b35-ac5c-7248dd9fa644.zip?GoogleAccessId=service-1046590076902@gcf-admin-robot.iam.gserviceaccount.com&Expires=1589889273&Signature=cApvN9quDMBonHk0bzdb5uzl7p%2BPnzqar8sSPnankvtGTxR%2BQ1m6rZFhNfw2i1i%2FFdHhULs61lM3m8cl00VKNTlv5TKd7sYL%2FtvSsqrhOETI4YzupzWYzl91Ma9tD%2Fz5WlPHKrDZtW0OA3Cfgw8OR3HokUHb04TDDRDBdIBMG3ckY%2FTmAPBCrNeeWUdFeoruZWqe2VN4KLmmvoAOsyoE40ZBDgBUdBo2WwRfnXUdWABht7Jtmmc8somKsnfj9tK4RYb76i5i3Os0ldthb2TwGoHv8qv%2BUTW7N93nGfp8SMOt7svg53rf6Xo421aMMRYcLIg09BVQJNi5oTP5OTPaHA%3D%3D","name":"projects/ontime-df086/locations/us-central1/functions/makeUppercase","labels":{"deployment-tool":"cli-firebase"},"eventTrigger":{"resource":"projects/_/instances/ontime-df086/refs/messages/{pushId}/original","eventType":"providers/google.firebase.database/eventTypes/ref.create","service":"firebaseio.com"},"runtime":"nodejs8","environmentVariables":{"FIREBASE_CONFIG":"{\"projectId\":\"ontime-df086\",\"databaseURL\":\"https://ontime-df086.firebaseio.com\",\"storageBucket\":\"ontime-df086.appspot.com\"}"}}
[debug] [2020-05-19T11:24:33.588Z] >>> HTTP REQUEST PATCH https://cloudfunctions.googleapis.com/v1/projects/ontime-df086/locations/us-central1/functions/sendDeviceToken {"updateMask":"sourceUploadUrl,name,labels,runtime,environmentVariables,httpsTrigger"} 
 {"sourceUploadUrl":"https://storage.googleapis.com/gcf-upload-us-central1-01ff782f-0318-414a-b191-b7e1473c5992/ac9084fe-ba32-4b35-ac5c-7248dd9fa644.zip?GoogleAccessId=service-1046590076902@gcf-admin-robot.iam.gserviceaccount.com&Expires=1589889273&Signature=cApvN9quDMBonHk0bzdb5uzl7p%2BPnzqar8sSPnankvtGTxR%2BQ1m6rZFhNfw2i1i%2FFdHhULs61lM3m8cl00VKNTlv5TKd7sYL%2FtvSsqrhOETI4YzupzWYzl91Ma9tD%2Fz5WlPHKrDZtW0OA3Cfgw8OR3HokUHb04TDDRDBdIBMG3ckY%2FTmAPBCrNeeWUdFeoruZWqe2VN4KLmmvoAOsyoE40ZBDgBUdBo2WwRfnXUdWABht7Jtmmc8somKsnfj9tK4RYb76i5i3Os0ldthb2TwGoHv8qv%2BUTW7N93nGfp8SMOt7svg53rf6Xo421aMMRYcLIg09BVQJNi5oTP5OTPaHA%3D%3D","name":"projects/ontime-df086/locations/us-central1/functions/sendDeviceToken","labels":{"deployment-tool":"cli-firebase","deployment-callable":"true"},"httpsTrigger":{},"runtime":"nodejs8","environmentVariables":{"FIREBASE_CONFIG":"{\"projectId\":\"ontime-df086\",\"databaseURL\":\"https://ontime-df086.firebaseio.com\",\"storageBucket\":\"ontime-df086.appspot.com\"}"}}
[debug] [2020-05-19T11:24:33.588Z] >>> HTTP REQUEST PATCH https://cloudfunctions.googleapis.com/v1/projects/ontime-df086/locations/us-central1/functions/sendNotification {"updateMask":"sourceUploadUrl,name,labels,runtime,environmentVariables,eventTrigger.resource,eventTrigger.eventType,eventTrigger.service"} 
 {"sourceUploadUrl":"https://storage.googleapis.com/gcf-upload-us-central1-01ff782f-0318-414a-b191-b7e1473c5992/ac9084fe-ba32-4b35-ac5c-7248dd9fa644.zip?GoogleAccessId=service-1046590076902@gcf-admin-robot.iam.gserviceaccount.com&Expires=1589889273&Signature=cApvN9quDMBonHk0bzdb5uzl7p%2BPnzqar8sSPnankvtGTxR%2BQ1m6rZFhNfw2i1i%2FFdHhULs61lM3m8cl00VKNTlv5TKd7sYL%2FtvSsqrhOETI4YzupzWYzl91Ma9tD%2Fz5WlPHKrDZtW0OA3Cfgw8OR3HokUHb04TDDRDBdIBMG3ckY%2FTmAPBCrNeeWUdFeoruZWqe2VN4KLmmvoAOsyoE40ZBDgBUdBo2WwRfnXUdWABht7Jtmmc8somKsnfj9tK4RYb76i5i3Os0ldthb2TwGoHv8qv%2BUTW7N93nGfp8SMOt7svg53rf6Xo421aMMRYcLIg09BVQJNi5oTP5OTPaHA%3D%3D","name":"projects/ontime-df086/locations/us-central1/functions/sendNotification","labels":{"deployment-tool":"cli-firebase"},"eventTrigger":{"resource":"projects/_/instances/ontime-df086/refs/devicetokens/{pushId}/token","eventType":"providers/google.firebase.database/eventTypes/ref.write","service":"firebaseio.com"},"runtime":"nodejs8","environmentVariables":{"FIREBASE_CONFIG":"{\"projectId\":\"ontime-df086\",\"databaseURL\":\"https://ontime-df086.firebaseio.com\",\"storageBucket\":\"ontime-df086.appspot.com\"}"}}
[debug] [2020-05-19T11:24:34.100Z] <<< HTTP RESPONSE 200 {"content-type":"application/json; charset=UTF-8","vary":"X-Origin, Referer, Origin,Accept-Encoding","date":"Tue, 19 May 2020 11:24:34 GMT","server":"ESF","cache-control":"private","x-xss-protection":"0","x-frame-options":"SAMEORIGIN","x-content-type-options":"nosniff","alt-svc":"h3-27=\":443\"; ma=2592000,h3-25=\":443\"; ma=2592000,h3-T050=\":443\"; ma=2592000,h3-Q050=\":443\"; ma=2592000,h3-Q049=\":443\"; ma=2592000,h3-Q048=\":443\"; ma=2592000,h3-Q046=\":443\"; ma=2592000,h3-Q043=\":443\"; ma=2592000,quic=\":443\"; ma=2592000; v=\"46,43\"","accept-ranges":"none","transfer-encoding":"chunked"}
[debug] [2020-05-19T11:24:34.153Z] <<< HTTP RESPONSE 200 {"content-type":"application/json; charset=UTF-8","vary":"X-Origin, Referer, Origin,Accept-Encoding","date":"Tue, 19 May 2020 11:24:34 GMT","server":"ESF","cache-control":"private","x-xss-protection":"0","x-frame-options":"SAMEORIGIN","x-content-type-options":"nosniff","alt-svc":"h3-27=\":443\"; ma=2592000,h3-25=\":443\"; ma=2592000,h3-T050=\":443\"; ma=2592000,h3-Q050=\":443\"; ma=2592000,h3-Q049=\":443\"; ma=2592000,h3-Q048=\":443\"; ma=2592000,h3-Q046=\":443\"; ma=2592000,h3-Q043=\":443\"; ma=2592000,quic=\":443\"; ma=2592000; v=\"46,43\"","accept-ranges":"none","transfer-encoding":"chunked"}
[debug] [2020-05-19T11:24:34.178Z] <<< HTTP RESPONSE 200 {"content-type":"application/json; charset=UTF-8","vary":"X-Origin, Referer, Origin,Accept-Encoding","date":"Tue, 19 May 2020 11:24:34 GMT","server":"ESF","cache-control":"private","x-xss-protection":"0","x-frame-options":"SAMEORIGIN","x-content-type-options":"nosniff","alt-svc":"h3-27=\":443\"; ma=2592000,h3-25=\":443\"; ma=2592000,h3-T050=\":443\"; ma=2592000,h3-Q050=\":443\"; ma=2592000,h3-Q049=\":443\"; ma=2592000,h3-Q048=\":443\"; ma=2592000,h3-Q046=\":443\"; ma=2592000,h3-Q043=\":443\"; ma=2592000,quic=\":443\"; ma=2592000; v=\"46,43\"","accept-ranges":"none","transfer-encoding":"chunked"}
[debug] [2020-05-19T11:24:34.220Z] <<< HTTP RESPONSE 200 {"content-type":"application/json; charset=UTF-8","vary":"X-Origin, Referer, Origin,Accept-Encoding","date":"Tue, 19 May 2020 11:24:34 GMT","server":"ESF","cache-control":"private","x-xss-protection":"0","x-frame-options":"SAMEORIGIN","x-content-type-options":"nosniff","alt-svc":"h3-27=\":443\"; ma=2592000,h3-25=\":443\"; ma=2592000,h3-T050=\":443\"; ma=2592000,h3-Q050=\":443\"; ma=2592000,h3-Q049=\":443\"; ma=2592000,h3-Q048=\":443\"; ma=2592000,h3-Q046=\":443\"; ma=2592000,h3-Q043=\":443\"; ma=2592000,quic=\":443\"; ma=2592000; v=\"46,43\"","accept-ranges":"none","transfer-encoding":"chunked"}
[debug] [2020-05-19T11:24:34.221Z] >>> HTTP REQUEST GET https://cloudfunctions.googleapis.com/v1/projects/ontime-df086/locations/-/functions  
 
[debug] [2020-05-19T11:24:34.589Z] <<< HTTP RESPONSE 200 {"content-type":"application/json; charset=UTF-8","vary":"X-Origin, Referer, Origin,Accept-Encoding","date":"Tue, 19 May 2020 11:24:35 GMT","server":"ESF","cache-control":"private","x-xss-protection":"0","x-frame-options":"SAMEORIGIN","x-content-type-options":"nosniff","alt-svc":"h3-27=\":443\"; ma=2592000,h3-25=\":443\"; ma=2592000,h3-T050=\":443\"; ma=2592000,h3-Q050=\":443\"; ma=2592000,h3-Q049=\":443\"; ma=2592000,h3-Q048=\":443\"; ma=2592000,h3-Q046=\":443\"; ma=2592000,h3-Q043=\":443\"; ma=2592000,quic=\":443\"; ma=2592000; v=\"46,43\"","accept-ranges":"none","transfer-encoding":"chunked"}
[debug] [2020-05-19T11:24:34.590Z] >>> HTTP REQUEST GET https://cloudfunctions.googleapis.com/v1/operations/b250aW1lLWRmMDg2L3VzLWNlbnRyYWwxL2FkZE1lc3NhZ2UvaFlFZDNSU29Bajg  
 
[debug] [2020-05-19T11:24:34.593Z] >>> HTTP REQUEST GET https://cloudfunctions.googleapis.com/v1/operations/b250aW1lLWRmMDg2L3VzLWNlbnRyYWwxL21ha2VVcHBlcmNhc2UvT1k1VXUxYzJQNUE  
 
[debug] [2020-05-19T11:24:34.594Z] >>> HTTP REQUEST GET https://cloudfunctions.googleapis.com/v1/operations/b250aW1lLWRmMDg2L3VzLWNlbnRyYWwxL3NlbmREZXZpY2VUb2tlbi9WaFQ4d0tNQ1BPRQ  
 
[debug] [2020-05-19T11:24:34.594Z] >>> HTTP REQUEST GET https://cloudfunctions.googleapis.com/v1/operations/b250aW1lLWRmMDg2L3VzLWNlbnRyYWwxL3NlbmROb3RpZmljYXRpb24vY1lNVmItNU5CVm8  
 
[debug] [2020-05-19T11:24:34.807Z] <<< HTTP RESPONSE 200 {"content-type":"application/json; charset=UTF-8","vary":"X-Origin, Referer, Origin,Accept-Encoding","date":"Tue, 19 May 2020 11:24:35 GMT","server":"ESF","cache-control":"private","x-xss-protection":"0","x-frame-options":"SAMEORIGIN","x-content-type-options":"nosniff","alt-svc":"h3-27=\":443\"; ma=2592000,h3-25=\":443\"; ma=2592000,h3-T050=\":443\"; ma=2592000,h3-Q050=\":443\"; ma=2592000,h3-Q049=\":443\"; ma=2592000,h3-Q048=\":443\"; ma=2592000,h3-Q046=\":443\"; ma=2592000,h3-Q043=\":443\"; ma=2592000,quic=\":443\"; ma=2592000; v=\"46,43\"","accept-ranges":"none","transfer-encoding":"chunked"}
[debug] [2020-05-19T11:24:34.812Z] <<< HTTP RESPONSE 200 {"content-type":"application/json; charset=UTF-8","vary":"X-Origin, Referer, Origin,Accept-Encoding","date":"Tue, 19 May 2020 11:24:35 GMT","server":"ESF","cache-control":"private","x-xss-protection":"0","x-frame-options":"SAMEORIGIN","x-content-type-options":"nosniff","alt-svc":"h3-27=\":443\"; ma=2592000,h3-25=\":443\"; ma=2592000,h3-T050=\":443\"; ma=2592000,h3-Q050=\":443\"; ma=2592000,h3-Q049=\":443\"; ma=2592000,h3-Q048=\":443\"; ma=2592000,h3-Q046=\":443\"; ma=2592000,h3-Q043=\":443\"; ma=2592000,quic=\":443\"; ma=2592000; v=\"46,43\"","accept-ranges":"none","transfer-encoding":"chunked"}
[debug] [2020-05-19T11:24:34.817Z] <<< HTTP RESPONSE 200 {"content-type":"application/json; charset=UTF-8","vary":"X-Origin, Referer, Origin,Accept-Encoding","date":"Tue, 19 May 2020 11:24:35 GMT","server":"ESF","cache-control":"private","x-xss-protection":"0","x-frame-options":"SAMEORIGIN","x-content-type-options":"nosniff","alt-svc":"h3-27=\":443\"; ma=2592000,h3-25=\":443\"; ma=2592000,h3-T050=\":443\"; ma=2592000,h3-Q050=\":443\"; ma=2592000,h3-Q049=\":443\"; ma=2592000,h3-Q048=\":443\"; ma=2592000,h3-Q046=\":443\"; ma=2592000,h3-Q043=\":443\"; ma=2592000,quic=\":443\"; ma=2592000; v=\"46,43\"","accept-ranges":"none","transfer-encoding":"chunked"}
[debug] [2020-05-19T11:24:34.820Z] <<< HTTP RESPONSE 200 {"content-type":"application/json; charset=UTF-8","vary":"X-Origin, Referer, Origin,Accept-Encoding","date":"Tue, 19 May 2020 11:24:35 GMT","server":"ESF","cache-control":"private","x-xss-protection":"0","x-frame-options":"SAMEORIGIN","x-content-type-options":"nosniff","alt-svc":"h3-27=\":443\"; ma=2592000,h3-25=\":443\"; ma=2592000,h3-T050=\":443\"; ma=2592000,h3-Q050=\":443\"; ma=2592000,h3-Q049=\":443\"; ma=2592000,h3-Q048=\":443\"; ma=2592000,h3-Q046=\":443\"; ma=2592000,h3-Q043=\":443\"; ma=2592000,quic=\":443\"; ma=2592000; v=\"46,43\"","accept-ranges":"none","transfer-encoding":"chunked"}
[debug] [2020-05-19T11:24:36.808Z] >>> HTTP REQUEST GET https://cloudfunctions.googleapis.com/v1/operations/b250aW1lLWRmMDg2L3VzLWNlbnRyYWwxL21ha2VVcHBlcmNhc2UvT1k1VXUxYzJQNUE  
 
[debug] [2020-05-19T11:24:36.813Z] >>> HTTP REQUEST GET https://cloudfunctions.googleapis.com/v1/operations/b250aW1lLWRmMDg2L3VzLWNlbnRyYWwxL3NlbmROb3RpZmljYXRpb24vY1lNVmItNU5CVm8  
 
[debug] [2020-05-19T11:24:36.818Z] >>> HTTP REQUEST GET https://cloudfunctions.googleapis.com/v1/operations/b250aW1lLWRmMDg2L3VzLWNlbnRyYWwxL3NlbmREZXZpY2VUb2tlbi9WaFQ4d0tNQ1BPRQ  
 
[debug] [2020-05-19T11:24:36.822Z] >>> HTTP REQUEST GET https://cloudfunctions.googleapis.com/v1/operations/b250aW1lLWRmMDg2L3VzLWNlbnRyYWwxL2FkZE1lc3NhZ2UvaFlFZDNSU29Bajg  
 
[debug] [2020-05-19T11:24:37.025Z] <<< HTTP RESPONSE 200 {"content-type":"application/json; charset=UTF-8","vary":"X-Origin, Referer, Origin,Accept-Encoding","date":"Tue, 19 May 2020 11:24:37 GMT","server":"ESF","cache-control":"private","x-xss-protection":"0","x-frame-options":"SAMEORIGIN","x-content-type-options":"nosniff","alt-svc":"h3-27=\":443\"; ma=2592000,h3-25=\":443\"; ma=2592000,h3-T050=\":443\"; ma=2592000,h3-Q050=\":443\"; ma=2592000,h3-Q049=\":443\"; ma=2592000,h3-Q048=\":443\"; ma=2592000,h3-Q046=\":443\"; ma=2592000,h3-Q043=\":443\"; ma=2592000,quic=\":443\"; ma=2592000; v=\"46,43\"","accept-ranges":"none","transfer-encoding":"chunked"}
[debug] [2020-05-19T11:24:37.028Z] <<< HTTP RESPONSE 200 {"content-type":"application/json; charset=UTF-8","vary":"X-Origin, Referer, Origin,Accept-Encoding","date":"Tue, 19 May 2020 11:24:37 GMT","server":"ESF","cache-control":"private","x-xss-protection":"0","x-frame-options":"SAMEORIGIN","x-content-type-options":"nosniff","alt-svc":"h3-27=\":443\"; ma=2592000,h3-25=\":443\"; ma=2592000,h3-T050=\":443\"; ma=2592000,h3-Q050=\":443\"; ma=2592000,h3-Q049=\":443\"; ma=2592000,h3-Q048=\":443\"; ma=2592000,h3-Q046=\":443\"; ma=2592000,h3-Q043=\":443\"; ma=2592000,quic=\":443\"; ma=2592000; v=\"46,43\"","accept-ranges":"none","transfer-encoding":"chunked"}
[debug] [2020-05-19T11:24:37.030Z] <<< HTTP RESPONSE 200 {"content-type":"application/json; charset=UTF-8","vary":"X-Origin, Referer, Origin,Accept-Encoding","date":"Tue, 19 May 2020 11:24:37 GMT","server":"ESF","cache-control":"private","x-xss-protection":"0","x-frame-options":"SAMEORIGIN","x-content-type-options":"nosniff","alt-svc":"h3-27=\":443\"; ma=2592000,h3-25=\":443\"; ma=2592000,h3-T050=\":443\"; ma=2592000,h3-Q050=\":443\"; ma=2592000,h3-Q049=\":443\"; ma=2592000,h3-Q048=\":443\"; ma=2592000,h3-Q046=\":443\"; ma=2592000,h3-Q043=\":443\"; ma=2592000,quic=\":443\"; ma=2592000; v=\"46,43\"","accept-ranges":"none","transfer-encoding":"chunked"}
[debug] [2020-05-19T11:24:37.064Z] <<< HTTP RESPONSE 200 {"content-type":"application/json; charset=UTF-8","vary":"X-Origin, Referer, Origin,Accept-Encoding","date":"Tue, 19 May 2020 11:24:37 GMT","server":"ESF","cache-control":"private","x-xss-protection":"0","x-frame-options":"SAMEORIGIN","x-content-type-options":"nosniff","alt-svc":"h3-27=\":443\"; ma=2592000,h3-25=\":443\"; ma=2592000,h3-T050=\":443\"; ma=2592000,h3-Q050=\":443\"; ma=2592000,h3-Q049=\":443\"; ma=2592000,h3-Q048=\":443\"; ma=2592000,h3-Q046=\":443\"; ma=2592000,h3-Q043=\":443\"; ma=2592000,quic=\":443\"; ma=2592000; v=\"46,43\"","accept-ranges":"none","transfer-encoding":"chunked"}
[debug] [2020-05-19T11:24:39.025Z] >>> HTTP REQUEST GET https://cloudfunctions.googleapis.com/v1/operations/b250aW1lLWRmMDg2L3VzLWNlbnRyYWwxL3NlbmREZXZpY2VUb2tlbi9WaFQ4d0tNQ1BPRQ  
 
[debug] [2020-05-19T11:24:39.029Z] >>> HTTP REQUEST GET https://cloudfunctions.googleapis.com/v1/operations/b250aW1lLWRmMDg2L3VzLWNlbnRyYWwxL3NlbmROb3RpZmljYXRpb24vY1lNVmItNU5CVm8  
 
[debug] [2020-05-19T11:24:39.030Z] >>> HTTP REQUEST GET https://cloudfunctions.googleapis.com/v1/operations/b250aW1lLWRmMDg2L3VzLWNlbnRyYWwxL2FkZE1lc3NhZ2UvaFlFZDNSU29Bajg  
 
[debug] [2020-05-19T11:24:39.064Z] >>> HTTP REQUEST GET https://cloudfunctions.googleapis.com/v1/operations/b250aW1lLWRmMDg2L3VzLWNlbnRyYWwxL21ha2VVcHBlcmNhc2UvT1k1VXUxYzJQNUE  
 
[debug] [2020-05-19T11:24:39.223Z] <<< HTTP RESPONSE 200 {"content-type":"application/json; charset=UTF-8","vary":"X-Origin, Referer, Origin,Accept-Encoding","date":"Tue, 19 May 2020 11:24:39 GMT","server":"ESF","cache-control":"private","x-xss-protection":"0","x-frame-options":"SAMEORIGIN","x-content-type-options":"nosniff","alt-svc":"h3-27=\":443\"; ma=2592000,h3-25=\":443\"; ma=2592000,h3-T050=\":443\"; ma=2592000,h3-Q050=\":443\"; ma=2592000,h3-Q049=\":443\"; ma=2592000,h3-Q048=\":443\"; ma=2592000,h3-Q046=\":443\"; ma=2592000,h3-Q043=\":443\"; ma=2592000,quic=\":443\"; ma=2592000; v=\"46,43\"","accept-ranges":"none","transfer-encoding":"chunked"}
[debug] [2020-05-19T11:24:39.247Z] <<< HTTP RESPONSE 200 {"content-type":"application/json; charset=UTF-8","vary":"X-Origin, Referer, Origin,Accept-Encoding","date":"Tue, 19 May 2020 11:24:40 GMT","server":"ESF","cache-control":"private","x-xss-protection":"0","x-frame-options":"SAMEORIGIN","x-content-type-options":"nosniff","alt-svc":"h3-27=\":443\"; ma=2592000,h3-25=\":443\"; ma=2592000,h3-T050=\":443\"; ma=2592000,h3-Q050=\":443\"; ma=2592000,h3-Q049=\":443\"; ma=2592000,h3-Q048=\":443\"; ma=2592000,h3-Q046=\":443\"; ma=2592000,h3-Q043=\":443\"; ma=2592000,quic=\":443\"; ma=2592000; v=\"46,43\"","accept-ranges":"none","transfer-encoding":"chunked"}
[debug] [2020-05-19T11:24:39.265Z] <<< HTTP RESPONSE 200 {"content-type":"application/json; charset=UTF-8","vary":"X-Origin, Referer, Origin,Accept-Encoding","date":"Tue, 19 May 2020 11:24:40 GMT","server":"ESF","cache-control":"private","x-xss-protection":"0","x-frame-options":"SAMEORIGIN","x-content-type-options":"nosniff","alt-svc":"h3-27=\":443\"; ma=2592000,h3-25=\":443\"; ma=2592000,h3-T050=\":443\"; ma=2592000,h3-Q050=\":443\"; ma=2592000,h3-Q049=\":443\"; ma=2592000,h3-Q048=\":443\"; ma=2592000,h3-Q046=\":443\"; ma=2592000,h3-Q043=\":443\"; ma=2592000,quic=\":443\"; ma=2592000; v=\"46,43\"","accept-ranges":"none","transfer-encoding":"chunked"}
[debug] [2020-05-19T11:24:39.277Z] <<< HTTP RESPONSE 200 {"content-type":"application/json; charset=UTF-8","vary":"X-Origin, Referer, Origin,Accept-Encoding","date":"Tue, 19 May 2020 11:24:40 GMT","server":"ESF","cache-control":"private","x-xss-protection":"0","x-frame-options":"SAMEORIGIN","x-content-type-options":"nosniff","alt-svc":"h3-27=\":443\"; ma=2592000,h3-25=\":443\"; ma=2592000,h3-T050=\":443\"; ma=2592000,h3-Q050=\":443\"; ma=2592000,h3-Q049=\":443\"; ma=2592000,h3-Q048=\":443\"; ma=2592000,h3-Q046=\":443\"; ma=2592000,h3-Q043=\":443\"; ma=2592000,quic=\":443\"; ma=2592000; v=\"46,43\"","accept-ranges":"none","transfer-encoding":"chunked"}
[debug] [2020-05-19T11:24:41.224Z] >>> HTTP REQUEST GET https://cloudfunctions.googleapis.com/v1/operations/b250aW1lLWRmMDg2L3VzLWNlbnRyYWwxL3NlbmREZXZpY2VUb2tlbi9WaFQ4d0tNQ1BPRQ  
 
[debug] [2020-05-19T11:24:41.249Z] >>> HTTP REQUEST GET https://cloudfunctions.googleapis.com/v1/operations/b250aW1lLWRmMDg2L3VzLWNlbnRyYWwxL3NlbmROb3RpZmljYXRpb24vY1lNVmItNU5CVm8  
 
[debug] [2020-05-19T11:24:41.266Z] >>> HTTP REQUEST GET https://cloudfunctions.googleapis.com/v1/operations/b250aW1lLWRmMDg2L3VzLWNlbnRyYWwxL21ha2VVcHBlcmNhc2UvT1k1VXUxYzJQNUE  
 
[debug] [2020-05-19T11:24:41.278Z] >>> HTTP REQUEST GET https://cloudfunctions.googleapis.com/v1/operations/b250aW1lLWRmMDg2L3VzLWNlbnRyYWwxL2FkZE1lc3NhZ2UvaFlFZDNSU29Bajg  
 
[debug] [2020-05-19T11:24:41.431Z] <<< HTTP RESPONSE 200 {"content-type":"application/json; charset=UTF-8","vary":"X-Origin, Referer, Origin,Accept-Encoding","date":"Tue, 19 May 2020 11:24:42 GMT","server":"ESF","cache-control":"private","x-xss-protection":"0","x-frame-options":"SAMEORIGIN","x-content-type-options":"nosniff","alt-svc":"h3-27=\":443\"; ma=2592000,h3-25=\":443\"; ma=2592000,h3-T050=\":443\"; ma=2592000,h3-Q050=\":443\"; ma=2592000,h3-Q049=\":443\"; ma=2592000,h3-Q048=\":443\"; ma=2592000,h3-Q046=\":443\"; ma=2592000,h3-Q043=\":443\"; ma=2592000,quic=\":443\"; ma=2592000; v=\"46,43\"","accept-ranges":"none","transfer-encoding":"chunked"}
[debug] [2020-05-19T11:24:41.456Z] <<< HTTP RESPONSE 200 {"content-type":"application/json; charset=UTF-8","vary":"X-Origin, Referer, Origin,Accept-Encoding","date":"Tue, 19 May 2020 11:24:42 GMT","server":"ESF","cache-control":"private","x-xss-protection":"0","x-frame-options":"SAMEORIGIN","x-content-type-options":"nosniff","alt-svc":"h3-27=\":443\"; ma=2592000,h3-25=\":443\"; ma=2592000,h3-T050=\":443\"; ma=2592000,h3-Q050=\":443\"; ma=2592000,h3-Q049=\":443\"; ma=2592000,h3-Q048=\":443\"; ma=2592000,h3-Q046=\":443\"; ma=2592000,h3-Q043=\":443\"; ma=2592000,quic=\":443\"; ma=2592000; v=\"46,43\"","accept-ranges":"none","transfer-encoding":"chunked"}
[debug] [2020-05-19T11:24:41.463Z] <<< HTTP RESPONSE 200 {"content-type":"application/json; charset=UTF-8","vary":"X-Origin, Referer, Origin,Accept-Encoding","date":"Tue, 19 May 2020 11:24:42 GMT","server":"ESF","cache-control":"private","x-xss-protection":"0","x-frame-options":"SAMEORIGIN","x-content-type-options":"nosniff","alt-svc":"h3-27=\":443\"; ma=2592000,h3-25=\":443\"; ma=2592000,h3-T050=\":443\"; ma=2592000,h3-Q050=\":443\"; ma=2592000,h3-Q049=\":443\"; ma=2592000,h3-Q048=\":443\"; ma=2592000,h3-Q046=\":443\"; ma=2592000,h3-Q043=\":443\"; ma=2592000,quic=\":443\"; ma=2592000; v=\"46,43\"","accept-ranges":"none","transfer-encoding":"chunked"}
[debug] [2020-05-19T11:24:41.482Z] <<< HTTP RESPONSE 200 {"content-type":"application/json; charset=UTF-8","vary":"X-Origin, Referer, Origin,Accept-Encoding","date":"Tue, 19 May 2020 11:24:42 GMT","server":"ESF","cache-control":"private","x-xss-protection":"0","x-frame-options":"SAMEORIGIN","x-content-type-options":"nosniff","alt-svc":"h3-27=\":443\"; ma=2592000,h3-25=\":443\"; ma=2592000,h3-T050=\":443\"; ma=2592000,h3-Q050=\":443\"; ma=2592000,h3-Q049=\":443\"; ma=2592000,h3-Q048=\":443\"; ma=2592000,h3-Q046=\":443\"; ma=2592000,h3-Q043=\":443\"; ma=2592000,quic=\":443\"; ma=2592000; v=\"46,43\"","accept-ranges":"none","transfer-encoding":"chunked"}
[debug] [2020-05-19T11:24:43.433Z] >>> HTTP REQUEST GET https://cloudfunctions.googleapis.com/v1/operations/b250aW1lLWRmMDg2L3VzLWNlbnRyYWwxL3NlbmREZXZpY2VUb2tlbi9WaFQ4d0tNQ1BPRQ  
 
[debug] [2020-05-19T11:24:43.457Z] >>> HTTP REQUEST GET https://cloudfunctions.googleapis.com/v1/operations/b250aW1lLWRmMDg2L3VzLWNlbnRyYWwxL3NlbmROb3RpZmljYXRpb24vY1lNVmItNU5CVm8  
 
[debug] [2020-05-19T11:24:43.464Z] >>> HTTP REQUEST GET https://cloudfunctions.googleapis.com/v1/operations/b250aW1lLWRmMDg2L3VzLWNlbnRyYWwxL21ha2VVcHBlcmNhc2UvT1k1VXUxYzJQNUE  
 
[debug] [2020-05-19T11:24:43.484Z] >>> HTTP REQUEST GET https://cloudfunctions.googleapis.com/v1/operations/b250aW1lLWRmMDg2L3VzLWNlbnRyYWwxL2FkZE1lc3NhZ2UvaFlFZDNSU29Bajg  
 
[debug] [2020-05-19T11:24:43.645Z] <<< HTTP RESPONSE 200 {"content-type":"application/json; charset=UTF-8","vary":"X-Origin, Referer, Origin,Accept-Encoding","date":"Tue, 19 May 2020 11:24:44 GMT","server":"ESF","cache-control":"private","x-xss-protection":"0","x-frame-options":"SAMEORIGIN","x-content-type-options":"nosniff","alt-svc":"h3-27=\":443\"; ma=2592000,h3-25=\":443\"; ma=2592000,h3-T050=\":443\"; ma=2592000,h3-Q050=\":443\"; ma=2592000,h3-Q049=\":443\"; ma=2592000,h3-Q048=\":443\"; ma=2592000,h3-Q046=\":443\"; ma=2592000,h3-Q043=\":443\"; ma=2592000,quic=\":443\"; ma=2592000; v=\"46,43\"","accept-ranges":"none","transfer-encoding":"chunked"}
[debug] [2020-05-19T11:24:43.658Z] <<< HTTP RESPONSE 200 {"content-type":"application/json; charset=UTF-8","vary":"X-Origin, Referer, Origin,Accept-Encoding","date":"Tue, 19 May 2020 11:24:44 GMT","server":"ESF","cache-control":"private","x-xss-protection":"0","x-frame-options":"SAMEORIGIN","x-content-type-options":"nosniff","alt-svc":"h3-27=\":443\"; ma=2592000,h3-25=\":443\"; ma=2592000,h3-T050=\":443\"; ma=2592000,h3-Q050=\":443\"; ma=2592000,h3-Q049=\":443\"; ma=2592000,h3-Q048=\":443\"; ma=2592000,h3-Q046=\":443\"; ma=2592000,h3-Q043=\":443\"; ma=2592000,quic=\":443\"; ma=2592000; v=\"46,43\"","accept-ranges":"none","transfer-encoding":"chunked"}
[debug] [2020-05-19T11:24:43.668Z] <<< HTTP RESPONSE 200 {"content-type":"application/json; charset=UTF-8","vary":"X-Origin, Referer, Origin,Accept-Encoding","date":"Tue, 19 May 2020 11:24:44 GMT","server":"ESF","cache-control":"private","x-xss-protection":"0","x-frame-options":"SAMEORIGIN","x-content-type-options":"nosniff","alt-svc":"h3-27=\":443\"; ma=2592000,h3-25=\":443\"; ma=2592000,h3-T050=\":443\"; ma=2592000,h3-Q050=\":443\"; ma=2592000,h3-Q049=\":443\"; ma=2592000,h3-Q048=\":443\"; ma=2592000,h3-Q046=\":443\"; ma=2592000,h3-Q043=\":443\"; ma=2592000,quic=\":443\"; ma=2592000; v=\"46,43\"","accept-ranges":"none","transfer-encoding":"chunked"}
[debug] [2020-05-19T11:24:43.743Z] <<< HTTP RESPONSE 200 {"content-type":"application/json; charset=UTF-8","vary":"X-Origin, Referer, Origin,Accept-Encoding","date":"Tue, 19 May 2020 11:24:44 GMT","server":"ESF","cache-control":"private","x-xss-protection":"0","x-frame-options":"SAMEORIGIN","x-content-type-options":"nosniff","alt-svc":"h3-27=\":443\"; ma=2592000,h3-25=\":443\"; ma=2592000,h3-T050=\":443\"; ma=2592000,h3-Q050=\":443\"; ma=2592000,h3-Q049=\":443\"; ma=2592000,h3-Q048=\":443\"; ma=2592000,h3-Q046=\":443\"; ma=2592000,h3-Q043=\":443\"; ma=2592000,quic=\":443\"; ma=2592000; v=\"46,43\"","accept-ranges":"none","transfer-encoding":"chunked"}
[debug] [2020-05-19T11:24:45.645Z] >>> HTTP REQUEST GET https://cloudfunctions.googleapis.com/v1/operations/b250aW1lLWRmMDg2L3VzLWNlbnRyYWwxL3NlbmREZXZpY2VUb2tlbi9WaFQ4d0tNQ1BPRQ  
 
[debug] [2020-05-19T11:24:45.659Z] >>> HTTP REQUEST GET https://cloudfunctions.googleapis.com/v1/operations/b250aW1lLWRmMDg2L3VzLWNlbnRyYWwxL3NlbmROb3RpZmljYXRpb24vY1lNVmItNU5CVm8  
 
[debug] [2020-05-19T11:24:45.668Z] >>> HTTP REQUEST GET https://cloudfunctions.googleapis.com/v1/operations/b250aW1lLWRmMDg2L3VzLWNlbnRyYWwxL21ha2VVcHBlcmNhc2UvT1k1VXUxYzJQNUE  
 
[debug] [2020-05-19T11:24:45.744Z] >>> HTTP REQUEST GET https://cloudfunctions.googleapis.com/v1/operations/b250aW1lLWRmMDg2L3VzLWNlbnRyYWwxL2FkZE1lc3NhZ2UvaFlFZDNSU29Bajg  
 
[debug] [2020-05-19T11:24:45.859Z] <<< HTTP RESPONSE 200 {"content-type":"application/json; charset=UTF-8","vary":"X-Origin, Referer, Origin,Accept-Encoding","date":"Tue, 19 May 2020 11:24:46 GMT","server":"ESF","cache-control":"private","x-xss-protection":"0","x-frame-options":"SAMEORIGIN","x-content-type-options":"nosniff","alt-svc":"h3-27=\":443\"; ma=2592000,h3-25=\":443\"; ma=2592000,h3-T050=\":443\"; ma=2592000,h3-Q050=\":443\"; ma=2592000,h3-Q049=\":443\"; ma=2592000,h3-Q048=\":443\"; ma=2592000,h3-Q046=\":443\"; ma=2592000,h3-Q043=\":443\"; ma=2592000,quic=\":443\"; ma=2592000; v=\"46,43\"","accept-ranges":"none","transfer-encoding":"chunked"}
[debug] [2020-05-19T11:24:45.863Z] <<< HTTP RESPONSE 200 {"content-type":"application/json; charset=UTF-8","vary":"X-Origin, Referer, Origin,Accept-Encoding","date":"Tue, 19 May 2020 11:24:46 GMT","server":"ESF","cache-control":"private","x-xss-protection":"0","x-frame-options":"SAMEORIGIN","x-content-type-options":"nosniff","alt-svc":"h3-27=\":443\"; ma=2592000,h3-25=\":443\"; ma=2592000,h3-T050=\":443\"; ma=2592000,h3-Q050=\":443\"; ma=2592000,h3-Q049=\":443\"; ma=2592000,h3-Q048=\":443\"; ma=2592000,h3-Q046=\":443\"; ma=2592000,h3-Q043=\":443\"; ma=2592000,quic=\":443\"; ma=2592000; v=\"46,43\"","accept-ranges":"none","transfer-encoding":"chunked"}
[debug] [2020-05-19T11:24:45.865Z] <<< HTTP RESPONSE 200 {"content-type":"application/json; charset=UTF-8","vary":"X-Origin, Referer, Origin,Accept-Encoding","date":"Tue, 19 May 2020 11:24:46 GMT","server":"ESF","cache-control":"private","x-xss-protection":"0","x-frame-options":"SAMEORIGIN","x-content-type-options":"nosniff","alt-svc":"h3-27=\":443\"; ma=2592000,h3-25=\":443\"; ma=2592000,h3-T050=\":443\"; ma=2592000,h3-Q050=\":443\"; ma=2592000,h3-Q049=\":443\"; ma=2592000,h3-Q048=\":443\"; ma=2592000,h3-Q046=\":443\"; ma=2592000,h3-Q043=\":443\"; ma=2592000,quic=\":443\"; ma=2592000; v=\"46,43\"","accept-ranges":"none","transfer-encoding":"chunked"}
[debug] [2020-05-19T11:24:45.945Z] <<< HTTP RESPONSE 200 {"content-type":"application/json; charset=UTF-8","vary":"X-Origin, Referer, Origin,Accept-Encoding","date":"Tue, 19 May 2020 11:24:46 GMT","server":"ESF","cache-control":"private","x-xss-protection":"0","x-frame-options":"SAMEORIGIN","x-content-type-options":"nosniff","alt-svc":"h3-27=\":443\"; ma=2592000,h3-25=\":443\"; ma=2592000,h3-T050=\":443\"; ma=2592000,h3-Q050=\":443\"; ma=2592000,h3-Q049=\":443\"; ma=2592000,h3-Q048=\":443\"; ma=2592000,h3-Q046=\":443\"; ma=2592000,h3-Q043=\":443\"; ma=2592000,quic=\":443\"; ma=2592000; v=\"46,43\"","accept-ranges":"none","transfer-encoding":"chunked"}
[debug] [2020-05-19T11:24:47.860Z] >>> HTTP REQUEST GET https://cloudfunctions.googleapis.com/v1/operations/b250aW1lLWRmMDg2L3VzLWNlbnRyYWwxL3NlbmREZXZpY2VUb2tlbi9WaFQ4d0tNQ1BPRQ  
 
[debug] [2020-05-19T11:24:47.864Z] >>> HTTP REQUEST GET https://cloudfunctions.googleapis.com/v1/operations/b250aW1lLWRmMDg2L3VzLWNlbnRyYWwxL21ha2VVcHBlcmNhc2UvT1k1VXUxYzJQNUE  
 
[debug] [2020-05-19T11:24:47.867Z] >>> HTTP REQUEST GET https://cloudfunctions.googleapis.com/v1/operations/b250aW1lLWRmMDg2L3VzLWNlbnRyYWwxL3NlbmROb3RpZmljYXRpb24vY1lNVmItNU5CVm8  
 
[debug] [2020-05-19T11:24:47.947Z] >>> HTTP REQUEST GET https://cloudfunctions.googleapis.com/v1/operations/b250aW1lLWRmMDg2L3VzLWNlbnRyYWwxL2FkZE1lc3NhZ2UvaFlFZDNSU29Bajg  
 
[debug] [2020-05-19T11:24:48.052Z] <<< HTTP RESPONSE 200 {"content-type":"application/json; charset=UTF-8","vary":"X-Origin, Referer, Origin,Accept-Encoding","date":"Tue, 19 May 2020 11:24:48 GMT","server":"ESF","cache-control":"private","x-xss-protection":"0","x-frame-options":"SAMEORIGIN","x-content-type-options":"nosniff","alt-svc":"h3-27=\":443\"; ma=2592000,h3-25=\":443\"; ma=2592000,h3-T050=\":443\"; ma=2592000,h3-Q050=\":443\"; ma=2592000,h3-Q049=\":443\"; ma=2592000,h3-Q048=\":443\"; ma=2592000,h3-Q046=\":443\"; ma=2592000,h3-Q043=\":443\"; ma=2592000,quic=\":443\"; ma=2592000; v=\"46,43\"","accept-ranges":"none","transfer-encoding":"chunked"}
[debug] [2020-05-19T11:24:48.086Z] <<< HTTP RESPONSE 200 {"content-type":"application/json; charset=UTF-8","vary":"X-Origin, Referer, Origin,Accept-Encoding","date":"Tue, 19 May 2020 11:24:48 GMT","server":"ESF","cache-control":"private","x-xss-protection":"0","x-frame-options":"SAMEORIGIN","x-content-type-options":"nosniff","alt-svc":"h3-27=\":443\"; ma=2592000,h3-25=\":443\"; ma=2592000,h3-T050=\":443\"; ma=2592000,h3-Q050=\":443\"; ma=2592000,h3-Q049=\":443\"; ma=2592000,h3-Q048=\":443\"; ma=2592000,h3-Q046=\":443\"; ma=2592000,h3-Q043=\":443\"; ma=2592000,quic=\":443\"; ma=2592000; v=\"46,43\"","accept-ranges":"none","transfer-encoding":"chunked"}
[debug] [2020-05-19T11:24:48.094Z] <<< HTTP RESPONSE 200 {"content-type":"application/json; charset=UTF-8","vary":"X-Origin, Referer, Origin,Accept-Encoding","date":"Tue, 19 May 2020 11:24:48 GMT","server":"ESF","cache-control":"private","x-xss-protection":"0","x-frame-options":"SAMEORIGIN","x-content-type-options":"nosniff","alt-svc":"h3-27=\":443\"; ma=2592000,h3-25=\":443\"; ma=2592000,h3-T050=\":443\"; ma=2592000,h3-Q050=\":443\"; ma=2592000,h3-Q049=\":443\"; ma=2592000,h3-Q048=\":443\"; ma=2592000,h3-Q046=\":443\"; ma=2592000,h3-Q043=\":443\"; ma=2592000,quic=\":443\"; ma=2592000; v=\"46,43\"","accept-ranges":"none","transfer-encoding":"chunked"}
[debug] [2020-05-19T11:24:48.138Z] <<< HTTP RESPONSE 200 {"content-type":"application/json; charset=UTF-8","vary":"X-Origin, Referer, Origin,Accept-Encoding","date":"Tue, 19 May 2020 11:24:48 GMT","server":"ESF","cache-control":"private","x-xss-protection":"0","x-frame-options":"SAMEORIGIN","x-content-type-options":"nosniff","alt-svc":"h3-27=\":443\"; ma=2592000,h3-25=\":443\"; ma=2592000,h3-T050=\":443\"; ma=2592000,h3-Q050=\":443\"; ma=2592000,h3-Q049=\":443\"; ma=2592000,h3-Q048=\":443\"; ma=2592000,h3-Q046=\":443\"; ma=2592000,h3-Q043=\":443\"; ma=2592000,quic=\":443\"; ma=2592000; v=\"46,43\"","accept-ranges":"none","transfer-encoding":"chunked"}
[debug] [2020-05-19T11:24:50.053Z] >>> HTTP REQUEST GET https://cloudfunctions.googleapis.com/v1/operations/b250aW1lLWRmMDg2L3VzLWNlbnRyYWwxL21ha2VVcHBlcmNhc2UvT1k1VXUxYzJQNUE  
 
[debug] [2020-05-19T11:24:50.088Z] >>> HTTP REQUEST GET https://cloudfunctions.googleapis.com/v1/operations/b250aW1lLWRmMDg2L3VzLWNlbnRyYWwxL3NlbmROb3RpZmljYXRpb24vY1lNVmItNU5CVm8  
 
[debug] [2020-05-19T11:24:50.097Z] >>> HTTP REQUEST GET https://cloudfunctions.googleapis.com/v1/operations/b250aW1lLWRmMDg2L3VzLWNlbnRyYWwxL3NlbmREZXZpY2VUb2tlbi9WaFQ4d0tNQ1BPRQ  
 
[debug] [2020-05-19T11:24:50.139Z] >>> HTTP REQUEST GET https://cloudfunctions.googleapis.com/v1/operations/b250aW1lLWRmMDg2L3VzLWNlbnRyYWwxL2FkZE1lc3NhZ2UvaFlFZDNSU29Bajg  
 
[debug] [2020-05-19T11:24:50.260Z] <<< HTTP RESPONSE 200 {"content-type":"application/json; charset=UTF-8","vary":"X-Origin, Referer, Origin,Accept-Encoding","date":"Tue, 19 May 2020 11:24:51 GMT","server":"ESF","cache-control":"private","x-xss-protection":"0","x-frame-options":"SAMEORIGIN","x-content-type-options":"nosniff","alt-svc":"h3-27=\":443\"; ma=2592000,h3-25=\":443\"; ma=2592000,h3-T050=\":443\"; ma=2592000,h3-Q050=\":443\"; ma=2592000,h3-Q049=\":443\"; ma=2592000,h3-Q048=\":443\"; ma=2592000,h3-Q046=\":443\"; ma=2592000,h3-Q043=\":443\"; ma=2592000,quic=\":443\"; ma=2592000; v=\"46,43\"","accept-ranges":"none","transfer-encoding":"chunked"}
[debug] [2020-05-19T11:24:50.294Z] <<< HTTP RESPONSE 200 {"content-type":"application/json; charset=UTF-8","vary":"X-Origin, Referer, Origin,Accept-Encoding","date":"Tue, 19 May 2020 11:24:51 GMT","server":"ESF","cache-control":"private","x-xss-protection":"0","x-frame-options":"SAMEORIGIN","x-content-type-options":"nosniff","alt-svc":"h3-27=\":443\"; ma=2592000,h3-25=\":443\"; ma=2592000,h3-T050=\":443\"; ma=2592000,h3-Q050=\":443\"; ma=2592000,h3-Q049=\":443\"; ma=2592000,h3-Q048=\":443\"; ma=2592000,h3-Q046=\":443\"; ma=2592000,h3-Q043=\":443\"; ma=2592000,quic=\":443\"; ma=2592000; v=\"46,43\"","accept-ranges":"none","transfer-encoding":"chunked"}
[debug] [2020-05-19T11:24:50.302Z] <<< HTTP RESPONSE 200 {"content-type":"application/json; charset=UTF-8","vary":"X-Origin, Referer, Origin,Accept-Encoding","date":"Tue, 19 May 2020 11:24:51 GMT","server":"ESF","cache-control":"private","x-xss-protection":"0","x-frame-options":"SAMEORIGIN","x-content-type-options":"nosniff","alt-svc":"h3-27=\":443\"; ma=2592000,h3-25=\":443\"; ma=2592000,h3-T050=\":443\"; ma=2592000,h3-Q050=\":443\"; ma=2592000,h3-Q049=\":443\"; ma=2592000,h3-Q048=\":443\"; ma=2592000,h3-Q046=\":443\"; ma=2592000,h3-Q043=\":443\"; ma=2592000,quic=\":443\"; ma=2592000; v=\"46,43\"","accept-ranges":"none","transfer-encoding":"chunked"}
[debug] [2020-05-19T11:24:50.338Z] <<< HTTP RESPONSE 200 {"content-type":"application/json; charset=UTF-8","vary":"X-Origin, Referer, Origin,Accept-Encoding","date":"Tue, 19 May 2020 11:24:51 GMT","server":"ESF","cache-control":"private","x-xss-protection":"0","x-frame-options":"SAMEORIGIN","x-content-type-options":"nosniff","alt-svc":"h3-27=\":443\"; ma=2592000,h3-25=\":443\"; ma=2592000,h3-T050=\":443\"; ma=2592000,h3-Q050=\":443\"; ma=2592000,h3-Q049=\":443\"; ma=2592000,h3-Q048=\":443\"; ma=2592000,h3-Q046=\":443\"; ma=2592000,h3-Q043=\":443\"; ma=2592000,quic=\":443\"; ma=2592000; v=\"46,43\"","accept-ranges":"none","transfer-encoding":"chunked"}
[debug] [2020-05-19T11:24:52.261Z] >>> HTTP REQUEST GET https://cloudfunctions.googleapis.com/v1/operations/b250aW1lLWRmMDg2L3VzLWNlbnRyYWwxL21ha2VVcHBlcmNhc2UvT1k1VXUxYzJQNUE  
 
[debug] [2020-05-19T11:24:52.296Z] >>> HTTP REQUEST GET https://cloudfunctions.googleapis.com/v1/operations/b250aW1lLWRmMDg2L3VzLWNlbnRyYWwxL3NlbmROb3RpZmljYXRpb24vY1lNVmItNU5CVm8  
 
[debug] [2020-05-19T11:24:52.304Z] >>> HTTP REQUEST GET https://cloudfunctions.googleapis.com/v1/operations/b250aW1lLWRmMDg2L3VzLWNlbnRyYWwxL3NlbmREZXZpY2VUb2tlbi9WaFQ4d0tNQ1BPRQ  
 
[debug] [2020-05-19T11:24:52.339Z] >>> HTTP REQUEST GET https://cloudfunctions.googleapis.com/v1/operations/b250aW1lLWRmMDg2L3VzLWNlbnRyYWwxL2FkZE1lc3NhZ2UvaFlFZDNSU29Bajg  
 
[debug] [2020-05-19T11:24:52.478Z] <<< HTTP RESPONSE 200 {"content-type":"application/json; charset=UTF-8","vary":"X-Origin, Referer, Origin,Accept-Encoding","date":"Tue, 19 May 2020 11:24:53 GMT","server":"ESF","cache-control":"private","x-xss-protection":"0","x-frame-options":"SAMEORIGIN","x-content-type-options":"nosniff","alt-svc":"h3-27=\":443\"; ma=2592000,h3-25=\":443\"; ma=2592000,h3-T050=\":443\"; ma=2592000,h3-Q050=\":443\"; ma=2592000,h3-Q049=\":443\"; ma=2592000,h3-Q048=\":443\"; ma=2592000,h3-Q046=\":443\"; ma=2592000,h3-Q043=\":443\"; ma=2592000,quic=\":443\"; ma=2592000; v=\"46,43\"","accept-ranges":"none","transfer-encoding":"chunked"}
[debug] [2020-05-19T11:24:52.506Z] <<< HTTP RESPONSE 200 {"content-type":"application/json; charset=UTF-8","vary":"X-Origin, Referer, Origin,Accept-Encoding","date":"Tue, 19 May 2020 11:24:53 GMT","server":"ESF","cache-control":"private","x-xss-protection":"0","x-frame-options":"SAMEORIGIN","x-content-type-options":"nosniff","alt-svc":"h3-27=\":443\"; ma=2592000,h3-25=\":443\"; ma=2592000,h3-T050=\":443\"; ma=2592000,h3-Q050=\":443\"; ma=2592000,h3-Q049=\":443\"; ma=2592000,h3-Q048=\":443\"; ma=2592000,h3-Q046=\":443\"; ma=2592000,h3-Q043=\":443\"; ma=2592000,quic=\":443\"; ma=2592000; v=\"46,43\"","accept-ranges":"none","transfer-encoding":"chunked"}
[debug] [2020-05-19T11:24:52.509Z] <<< HTTP RESPONSE 200 {"content-type":"application/json; charset=UTF-8","vary":"X-Origin, Referer, Origin,Accept-Encoding","date":"Tue, 19 May 2020 11:24:53 GMT","server":"ESF","cache-control":"private","x-xss-protection":"0","x-frame-options":"SAMEORIGIN","x-content-type-options":"nosniff","alt-svc":"h3-27=\":443\"; ma=2592000,h3-25=\":443\"; ma=2592000,h3-T050=\":443\"; ma=2592000,h3-Q050=\":443\"; ma=2592000,h3-Q049=\":443\"; ma=2592000,h3-Q048=\":443\"; ma=2592000,h3-Q046=\":443\"; ma=2592000,h3-Q043=\":443\"; ma=2592000,quic=\":443\"; ma=2592000; v=\"46,43\"","accept-ranges":"none","transfer-encoding":"chunked"}
[debug] [2020-05-19T11:24:52.528Z] <<< HTTP RESPONSE 200 {"content-type":"application/json; charset=UTF-8","vary":"X-Origin, Referer, Origin,Accept-Encoding","date":"Tue, 19 May 2020 11:24:53 GMT","server":"ESF","cache-control":"private","x-xss-protection":"0","x-frame-options":"SAMEORIGIN","x-content-type-options":"nosniff","alt-svc":"h3-27=\":443\"; ma=2592000,h3-25=\":443\"; ma=2592000,h3-T050=\":443\"; ma=2592000,h3-Q050=\":443\"; ma=2592000,h3-Q049=\":443\"; ma=2592000,h3-Q048=\":443\"; ma=2592000,h3-Q046=\":443\"; ma=2592000,h3-Q043=\":443\"; ma=2592000,quic=\":443\"; ma=2592000; v=\"46,43\"","accept-ranges":"none","transfer-encoding":"chunked"}
